\BOOKMARK [1][-]{section.1}{Introduction}{}% 1
\BOOKMARK [1][-]{section.2}{Methods}{}% 2
\BOOKMARK [2][-]{subsection.2.1}{Classical Framework and Stability Analysis}{section.2}% 3
\BOOKMARK [3][-]{subsubsection.2.1.1}{Derivation of Classical Stability Conditions}{subsection.2.1}% 4
\BOOKMARK [2][-]{subsection.2.2}{One-Loop Effective Action Calculation}{section.2}% 5
\BOOKMARK [3][-]{subsubsection.2.2.1}{Background Field Method}{subsection.2.2}% 6
\BOOKMARK [3][-]{subsubsection.2.2.2}{Heat Kernel Regularization}{subsection.2.2}% 7
\BOOKMARK [2][-]{subsection.2.3}{Derivation of the Quantum Kinetic Structure Preservation \(QKSP\) Conditions}{section.2}% 8
\BOOKMARK [3][-]{subsubsection.2.3.1}{Identifying Problematic Higher-Derivative Terms}{subsection.2.3}% 9
\BOOKMARK [3][-]{subsubsection.2.3.2}{Perturbation of the Effective Action and Kinetic Analysis}{subsection.2.3}% 10
\BOOKMARK [3][-]{subsubsection.2.3.3}{Imposing the QKSP Conditions}{subsection.2.3}% 11
\BOOKMARK [2][-]{subsection.2.4}{Phenomenological Viability Assessment}{section.2}% 12
\BOOKMARK [3][-]{subsubsection.2.4.1}{Background Cosmology}{subsection.2.4}% 13
\BOOKMARK [3][-]{subsubsection.2.4.2}{Linear Perturbations and Structure Growth}{subsection.2.4}% 14
\BOOKMARK [1][-]{section.3}{Results}{}% 15
\BOOKMARK [2][-]{subsection.3.1}{Quantum Kinetic Structure Preservation: Unveiling a Fundamental Symmetry}{section.3}% 16
\BOOKMARK [3][-]{subsubsection.3.1.1}{Classical Stability and the cT2=1 Constraint}{subsection.3.1}% 17
\BOOKMARK [3][-]{subsubsection.3.1.2}{One-Loop Quantum Corrections and the QKSP Condition}{subsection.3.1}% 18
\BOOKMARK [3][-]{subsubsection.3.1.3}{The cs2=1 Prediction}{subsection.3.1}% 19
\BOOKMARK [2][-]{subsection.3.2}{Cosmological Implications of QKSP\137Symmetric Theories}{section.3}% 20
\BOOKMARK [3][-]{subsubsection.3.2.1}{Background Cosmology: Mimicking CDM}{subsection.3.2}% 21
\BOOKMARK [3][-]{subsubsection.3.2.2}{Linear Perturbations: Geff and }{subsection.3.2}% 22
\BOOKMARK [2][-]{subsection.3.3}{Discussion of Results and Future Avenues}{section.3}% 23
\BOOKMARK [3][-]{subsubsection.3.3.1}{Robustness and Generality}{subsection.3.3}% 24
\BOOKMARK [3][-]{subsubsection.3.3.2}{Beyond the One-Loop Approximation}{subsection.3.3}% 25
\BOOKMARK [3][-]{subsubsection.3.3.3}{Precision Cosmology and Observational Tests}{subsection.3.3}% 26
\BOOKMARK [1][-]{section.4}{Conclusions}{}% 27
\BOOKMARK [2][-]{subsection.4.1}{Problem and Solution}{section.4}% 28
\BOOKMARK [2][-]{subsection.4.2}{Methods}{section.4}% 29
\BOOKMARK [2][-]{subsection.4.3}{Results}{section.4}% 30
\BOOKMARK [2][-]{subsection.4.4}{What We Have Learned}{section.4}% 31
